<?xml version="1.0" encoding="UTF-8"?>
<testsuite xmlns:xsi="http://www.w3.org/2001/XMLSchema-instance" xsi:noNamespaceSchemaLocation="https://maven.apache.org/surefire/maven-surefire-plugin/xsd/surefire-test-report-3.0.xsd" version="3.0" name="com.upiiz.equipos_deportivos.EquiposDeportivosApplicationTests" time="7.936" tests="1" errors="0" skipped="0" failures="0">
  <properties>
[...]
</properties>
  <testcase name="contextLoads" classname="com.upiiz.equipos_deportivos.EquiposDeportivosApplicationTests" time="0.54">
    <system-out><![CDATA[20:36:16.510 [main] INFO org.springframework.test.context.support.AnnotationConfigContextLoaderUtils -- Could not detect default configuration classes for test class [com.upiiz.equipos_deportivos.EquiposDeportivosApplicationTests]: EquiposDeportivosApplicationTests does not declare any static, non-private, non-final, nested classes annotated with @Configuration.
20:36:16.684 [main] INFO org.springframework.boot.test.context.SpringBootTestContextBootstrapper -- Found @SpringBootConfiguration com.upiiz.equipos_deportivos.EquiposDeportivosApplication for test class com.upiiz.equipos_deportivos.EquiposDeportivosApplicationTests
20:36:16.924 [main] INFO org.springframework.boot.devtools.restart.RestartApplicationListener -- Restart disabled due to context in which it is running

  .   ____          _            __ _ _
 /\\ / ___'_ __ _ _(_)_ __  __ _ \ \ \ \
( ( )\___ | '_ | '_| | '_ \/ _` | \ \ \ \
 \\/  ___)| |_)| | | | | || (_| |  ) ) ) )
  '  |____| .__|_| |_|_| |_\__, | / / / /
 =========|_|==============|___/=/_/_/_/

 :: Spring Boot ::                (v3.3.5)

2024-11-11T20:36:17.352-06:00  INFO 16448 --- [equipos_deportivos] [           main] c.u.e.EquiposDeportivosApplicationTests  : Starting EquiposDeportivosApplicationTests using Java 22.0.2 with PID 16448 (started by José Uribe in C:\Users\José Uribe\OneDrive\Escritorio\equipos_deportivos\equipos_deportivos)
2024-11-11T20:36:17.353-06:00  INFO 16448 --- [equipos_deportivos] [           main] c.u.e.EquiposDeportivosApplicationTests  : No active profile set, falling back to 1 default profile: "default"
2024-11-11T20:36:18.469-06:00  INFO 16448 --- [equipos_deportivos] [           main] .s.d.r.c.RepositoryConfigurationDelegate : Bootstrapping Spring Data JPA repositories in DEFAULT mode.
2024-11-11T20:36:18.564-06:00  INFO 16448 --- [equipos_deportivos] [           main] .s.d.r.c.RepositoryConfigurationDelegate : Finished Spring Data repository scanning in 84 ms. Found 5 JPA repository interfaces.
2024-11-11T20:36:19.213-06:00  INFO 16448 --- [equipos_deportivos] [           main] o.hibernate.jpa.internal.util.LogHelper  : HHH000204: Processing PersistenceUnitInfo [name: default]
2024-11-11T20:36:19.325-06:00  INFO 16448 --- [equipos_deportivos] [           main] org.hibernate.Version                    : HHH000412: Hibernate ORM core version 6.5.3.Final
2024-11-11T20:36:19.392-06:00  INFO 16448 --- [equipos_deportivos] [           main] o.h.c.internal.RegionFactoryInitiator    : HHH000026: Second-level cache disabled
2024-11-11T20:36:19.853-06:00  INFO 16448 --- [equipos_deportivos] [           main] o.s.o.j.p.SpringPersistenceUnitInfo      : No LoadTimeWeaver setup: ignoring JPA class transformer
2024-11-11T20:36:19.890-06:00  INFO 16448 --- [equipos_deportivos] [           main] com.zaxxer.hikari.HikariDataSource       : HikariPool-1 - Starting...
2024-11-11T20:36:20.120-06:00  INFO 16448 --- [equipos_deportivos] [           main] com.zaxxer.hikari.pool.HikariPool        : HikariPool-1 - Added connection com.mysql.cj.jdbc.ConnectionImpl@2ecdf528
2024-11-11T20:36:20.123-06:00  INFO 16448 --- [equipos_deportivos] [           main] com.zaxxer.hikari.HikariDataSource       : HikariPool-1 - Start completed.
2024-11-11T20:36:20.163-06:00  WARN 16448 --- [equipos_deportivos] [           main] org.hibernate.orm.deprecation            : HHH90000025: MySQL8Dialect does not need to be specified explicitly using 'hibernate.dialect' (remove the property setting and it will be selected by default)
2024-11-11T20:36:20.164-06:00  WARN 16448 --- [equipos_deportivos] [           main] org.hibernate.orm.deprecation            : HHH90000026: MySQL8Dialect has been deprecated; use org.hibernate.dialect.MySQLDialect instead
2024-11-11T20:36:21.327-06:00  INFO 16448 --- [equipos_deportivos] [           main] o.h.e.t.j.p.i.JtaPlatformInitiator       : HHH000489: No JTA platform available (set 'hibernate.transaction.jta.platform' to enable JTA platform integration)
Hibernate: alter table equipo_entity drop foreign key FKe5oox5ne6uwlp5i4admw91qj3
Hibernate: alter table equipo_entity drop foreign key FK5j5olxc6fdmfjf3myqnykxw85
Hibernate: alter table equipo_entity_competencias drop foreign key FKqyd66weonn54ybisrpna24s7h
Hibernate: alter table equipo_entity_competencias drop foreign key FKce0ewpc3dh935wg7m95mgqrof
Hibernate: alter table jugador_entity drop foreign key FKncn8elchxyyi7ix3rp0wopsh0
Hibernate: drop table if exists competencia_entity
Hibernate: drop table if exists entrenador_entity
Hibernate: drop table if exists equipo_entity
Hibernate: drop table if exists equipo_entity_competencias
Hibernate: drop table if exists jugador_entity
Hibernate: drop table if exists liga_entity
Hibernate: create table competencia_entity (id bigint not null auto_increment, fin varchar(255), inicio varchar(255), nombre varchar(255), premio varchar(255), primary key (id)) engine=InnoDB
Hibernate: create table entrenador_entity (id bigint not null auto_increment, edad varchar(255), nacionalidad varchar(255), nombre varchar(255), primary key (id)) engine=InnoDB
Hibernate: create table equipo_entity (entrenador_id bigint, id bigint not null auto_increment, liga_id bigint, nombre varchar(255), primary key (id)) engine=InnoDB
Hibernate: create table equipo_entity_competencias (competencias_id bigint not null, equipo_entity_id bigint not null) engine=InnoDB
Hibernate: create table jugador_entity (equipo_id bigint, id bigint not null auto_increment, edad varchar(255), nacionalidad varchar(255), nombre varchar(255), posicion varchar(255), primary key (id)) engine=InnoDB
Hibernate: create table liga_entity (id bigint not null auto_increment, nombre varchar(255), pais varchar(255), presidente varchar(255), primary key (id)) engine=InnoDB
Hibernate: alter table equipo_entity add constraint UKnumuq9hthujf5qm0wkjrgwely unique (entrenador_id)
Hibernate: alter table equipo_entity add constraint FKe5oox5ne6uwlp5i4admw91qj3 foreign key (entrenador_id) references entrenador_entity (id)
Hibernate: alter table equipo_entity add constraint FK5j5olxc6fdmfjf3myqnykxw85 foreign key (liga_id) references liga_entity (id)
Hibernate: alter table equipo_entity_competencias add constraint FKqyd66weonn54ybisrpna24s7h foreign key (competencias_id) references competencia_entity (id)
Hibernate: alter table equipo_entity_competencias add constraint FKce0ewpc3dh935wg7m95mgqrof foreign key (equipo_entity_id) references equipo_entity (id)
Hibernate: alter table jugador_entity add constraint FKncn8elchxyyi7ix3rp0wopsh0 foreign key (equipo_id) references equipo_entity (id)
2024-11-11T20:36:21.680-06:00  INFO 16448 --- [equipos_deportivos] [           main] j.LocalContainerEntityManagerFactoryBean : Initialized JPA EntityManagerFactory for persistence unit 'default'
2024-11-11T20:36:21.956-06:00  INFO 16448 --- [equipos_deportivos] [           main] o.s.d.j.r.query.QueryEnhancerFactory     : Hibernate is in classpath; If applicable, HQL parser will be used.
2024-11-11T20:36:22.927-06:00  WARN 16448 --- [equipos_deportivos] [           main] JpaBaseConfiguration$JpaWebConfiguration : spring.jpa.open-in-view is enabled by default. Therefore, database queries may be performed during view rendering. Explicitly configure spring.jpa.open-in-view to disable this warning
2024-11-11T20:36:23.639-06:00  INFO 16448 --- [equipos_deportivos] [           main] c.u.e.EquiposDeportivosApplicationTests  : Started EquiposDeportivosApplicationTests in 6.735 seconds (process running for 8.093)
]]></system-out>
    <system-err><![CDATA[WARNING: A Java agent has been loaded dynamically (C:\Users\José Uribe\.m2\repository\net\bytebuddy\byte-buddy-agent\1.14.19\byte-buddy-agent-1.14.19.jar)
WARNING: If a serviceability tool is in use, please run with -XX:+EnableDynamicAgentLoading to hide this warning
WARNING: If a serviceability tool is not in use, please run with -Djdk.instrument.traceUsage for more information
WARNING: Dynamic loading of agents will be disallowed by default in a future release
]]></system-err>
  </testcase>
</testsuite>